Arguments: 
  C:\Program Files\nodejs\node.exe C:\Program Files (x86)\Yarn\bin\yarn.js add fluent-ffmpeg ffmpeg-static ffprobe-staticor npm i fluent-ffmpeg ffmpeg-static ffprobe-static

PATH: 
  C:\Windows\system32;C:\Windows;C:\Windows\System32\Wbem;C:\Windows\System32\WindowsPowerShell\v1.0\;C:\Windows\System32\OpenSSH\;C:\Program Files\nodejs\;C:\Program Files (x86)\Yarn\bin\;C:\Users\marti\AppData\Local\Microsoft\WindowsApps;C:\Users\marti\AppData\Local\Programs\Microsoft VS Code\bin;C:\Users\marti\AppData\Roaming\npm;C:\Users\marti\AppData\Local\Yarn\bin

Yarn version: 
  1.22.5

Node version: 
  12.18.3

Platform: 
  win32 x64

Trace: 
  Error: https://registry.yarnpkg.com/ffprobe-staticor: Not found
      at Request.params.callback [as _callback] (C:\Program Files (x86)\Yarn\lib\cli.js:66097:18)
      at Request.self.callback (C:\Program Files (x86)\Yarn\lib\cli.js:140749:22)
      at Request.emit (events.js:315:20)
      at Request.<anonymous> (C:\Program Files (x86)\Yarn\lib\cli.js:141721:10)
      at Request.emit (events.js:315:20)
      at IncomingMessage.<anonymous> (C:\Program Files (x86)\Yarn\lib\cli.js:141643:12)
      at Object.onceWrapper (events.js:421:28)
      at IncomingMessage.emit (events.js:327:22)
      at endReadableNT (_stream_readable.js:1220:12)
      at processTicksAndRejections (internal/process/task_queues.js:84:21)

npm manifest: 
  {
    "name": "drag-and-drop",
    "version": "1.0.0",
    "description": "",
    "main": "main.js",
    "scripts": {
      "start": "electron ."
    },
    "author": "",
    "license": "ISC",
    "dependencies": {
      "bootstrap": "^4.5.0",
      "datatables.net-dt": "^1.10.21",
      "datatables.net-rowreorder-dt": "^1.2.7",
      "electron": "^9.1.1",
      "ffmpeg-static": "^4.2.6",
      "ffprobe-static": "^3.0.0",
      "fluent-ffmpeg": "^2.1.2",
      "get-audio-duration": "^2.0.3",
      "jquery": "^3.5.1",
      "os": "^0.1.1",
      "popper.js": "^1.16.1"
    },
    "build": {
      "asarUnpack": [
        "node_modules/ffmpeg-static/bin/${os}/${arch}/ffmpeg",
        "node_modules/ffmpeg-static/index.js",
        "node_modules/ffmpeg-static/package.json"
      ]
    }
  }

yarn manifest: 
  No manifest

Lockfile: 
  No lockfile
